<?xml version="1.0" encoding="UTF-8"?>
<!-- Generated by org.testng.reporters.JUnitReportReporter -->
<testsuite name="testsOfCart" tests="2" time="37.711" ignored="0" failures="0" timestamp="16 Dec 2017 15:50:27 GMT" skipped="0" hostname="MacBook-Pro.local" errors="0">
  <testcase name="checkSubtotalPrice" time="19.158" classname="testsOfCart"/>
  <testcase name="checkTitle" time="18.553" classname="testsOfCart"/>
</testsuite> <!-- testsOfCart -->
